<?xml version="1.0" encoding="UTF-8"?>
<testsuite xmlns:xsi="http://www.w3.org/2001/XMLSchema-instance" xsi:noNamespaceSchemaLocation="https://maven.apache.org/surefire/maven-surefire-plugin/xsd/surefire-test-report-3.0.xsd" version="3.0" name="atividade.art.AtivApplicationTests" time="2.418" tests="1" errors="0" skipped="0" failures="0">
  <properties>
[...]
</properties>
  <testcase name="contextLoads" classname="atividade.art.AtivApplicationTests" time="0.674">
    <system-out><![CDATA[14:39:26.683 [main] INFO org.springframework.test.context.support.AnnotationConfigContextLoaderUtils -- Could not detect default configuration classes for test class [atividade.art.AtivApplicationTests]: AtivApplicationTests does not declare any static, non-private, non-final, nested classes annotated with @Configuration.
14:39:26.770 [main] INFO org.springframework.boot.test.context.SpringBootTestContextBootstrapper -- Found @SpringBootConfiguration atividade.art.AtivApplication for test class atividade.art.AtivApplicationTests
14:39:26.894 [main] INFO org.springframework.boot.devtools.restart.RestartApplicationListener -- Restart disabled due to context in which it is running

  .   ____          _            __ _ _
 /\\ / ___'_ __ _ _(_)_ __  __ _ \ \ \ \
( ( )\___ | '_ | '_| | '_ \/ _` | \ \ \ \
 \\/  ___)| |_)| | | | | || (_| |  ) ) ) )
  '  |____| .__|_| |_|_| |_\__, | / / / /
 =========|_|==============|___/=/_/_/_/

 :: Spring Boot ::                (v3.3.2)

2024-08-22T14:39:27.184-03:00  INFO 6416 --- [ativ] [           main] atividade.art.AtivApplicationTests       : Starting AtivApplicationTests using Java 22.0.1 with PID 6416 (started by Dylan in C:\Users\Dylan\Downloads\art)
2024-08-22T14:39:27.186-03:00  INFO 6416 --- [ativ] [           main] atividade.art.AtivApplicationTests       : No active profile set, falling back to 1 default profile: "default"
2024-08-22T14:39:28.229-03:00  INFO 6416 --- [ativ] [           main] atividade.art.AtivApplicationTests       : Started AtivApplicationTests in 1.345 seconds (process running for 2.306)
]]></system-out>
    <system-err><![CDATA[WARNING: A Java agent has been loaded dynamically (C:\Users\Dylan\.m2\repository\net\bytebuddy\byte-buddy-agent\1.14.18\byte-buddy-agent-1.14.18.jar)
WARNING: If a serviceability tool is in use, please run with -XX:+EnableDynamicAgentLoading to hide this warning
WARNING: If a serviceability tool is not in use, please run with -Djdk.instrument.traceUsage for more information
WARNING: Dynamic loading of agents will be disallowed by default in a future release
]]></system-err>
  </testcase>
</testsuite>